[2019-08-05 11:06:24,069] ERROR {org.ballerinalang.messaging.artemis.externimpl.connection.CreateConnection} - Error occurred while starting connection. 
ActiveMQNotConnectedException[errorType=NOT_CONNECTED message=AMQ219007: Cannot connect to server(s). Tried with all available servers.]
	at org.apache.activemq.artemis.core.client.impl.ServerLocatorImpl.createSessionFactory(ServerLocatorImpl.java:795)
	at org.ballerinalang.messaging.artemis.externimpl.connection.CreateConnection.execute(CreateConnection.java:102)
	at org.ballerinalang.bre.bvm.BlockingNativeCallableUnit.execute(BlockingNativeCallableUnit.java:35)
	at org.ballerinalang.bre.bvm.BVM.invokeNativeCallable(BVM.java:896)
	at org.ballerinalang.bre.bvm.BVM.invokeCallable(BVM.java:858)
	at org.ballerinalang.bre.bvm.BVM.invokeVirtualFunction(BVM.java:3348)
	at org.ballerinalang.bre.bvm.BVM.execute(BVM.java:428)
	at org.ballerinalang.bre.bvm.BVMScheduler.execute(BVMScheduler.java:72)
	at org.ballerinalang.bre.bvm.BVMExecutor.execute(BVMExecutor.java:184)
	at org.ballerinalang.bre.bvm.BVMExecutor.invokePackageInitFunctions(BVMExecutor.java:267)
	at org.ballerinalang.bre.bvm.BVMExecutor.initProgramFile(BVMExecutor.java:61)
	at org.ballerinalang.bre.bvm.BVMExecutor.executeEntryFunction(BVMExecutor.java:90)
	at org.ballerinalang.BLangProgramRunner.runMainFunc(BLangProgramRunner.java:75)
	at org.ballerinalang.launcher.LauncherUtils.runMain(LauncherUtils.java:114)
	at org.ballerinalang.launcher.LauncherUtils.runBal(LauncherUtils.java:413)
	at org.ballerinalang.launcher.LauncherUtils.runProgram(LauncherUtils.java:106)
	at org.ballerinalang.launcher.Main$RunCmd.execute(Main.java:267)
	at java.util.Optional.ifPresent(Optional.java:159)
	at org.ballerinalang.launcher.Main.main(Main.java:63)
 
[2019-08-05 11:13:25,233] <UNDEFINED> {org.apache.activemq.artemis.core.client} - AMQ214013: Failed to decode packet 
java.lang.ArrayIndexOutOfBoundsException: 7
	at org.ballerinalang.util.program.BLangVMUtils.populateWorkerDataWithValues(BLangVMUtils.java:91)
	at org.ballerinalang.bre.BLangCallableUnitCallback.notifySuccess(BLangCallableUnitCallback.java:66)
	at org.ballerinalang.messaging.artemis.externimpl.producer.Send.lambda$execute$0(Send.java:63)
	at org.apache.activemq.artemis.core.protocol.core.impl.ActiveMQSessionContext$2.callSendAck(ActiveMQSessionContext.java:232)
	at org.apache.activemq.artemis.core.protocol.core.impl.ActiveMQSessionContext$2.handleResponse(ActiveMQSessionContext.java:220)
	at org.apache.activemq.artemis.core.protocol.core.impl.ActiveMQSessionContext$1.commandConfirmed(ActiveMQSessionContext.java:203)
	at org.apache.activemq.artemis.core.protocol.core.impl.ChannelImpl.clearUpTo(ChannelImpl.java:755)
	at org.apache.activemq.artemis.core.protocol.core.impl.ChannelImpl.handlePacket(ChannelImpl.java:693)
	at org.apache.activemq.artemis.core.protocol.core.impl.RemotingConnectionImpl.doBufferReceived(RemotingConnectionImpl.java:399)
	at org.apache.activemq.artemis.core.protocol.core.impl.RemotingConnectionImpl.bufferReceived(RemotingConnectionImpl.java:376)
	at org.apache.activemq.artemis.core.client.impl.ClientSessionFactoryImpl$DelegatingBufferHandler.bufferReceived(ClientSessionFactoryImpl.java:1191)
	at org.apache.activemq.artemis.core.remoting.impl.netty.ActiveMQChannelHandler.channelRead(ActiveMQChannelHandler.java:73)
	at io.netty.channel.AbstractChannelHandlerContext.invokeChannelRead(AbstractChannelHandlerContext.java:359)
	at io.netty.channel.AbstractChannelHandlerContext.invokeChannelRead(AbstractChannelHandlerContext.java:345)
	at io.netty.channel.AbstractChannelHandlerContext.fireChannelRead(AbstractChannelHandlerContext.java:337)
	at io.netty.handler.codec.ByteToMessageDecoder.fireChannelRead(ByteToMessageDecoder.java:323)
	at io.netty.handler.codec.ByteToMessageDecoder.channelRead(ByteToMessageDecoder.java:297)
	at io.netty.channel.AbstractChannelHandlerContext.invokeChannelRead(AbstractChannelHandlerContext.java:359)
	at io.netty.channel.AbstractChannelHandlerContext.invokeChannelRead(AbstractChannelHandlerContext.java:345)
	at io.netty.channel.AbstractChannelHandlerContext.fireChannelRead(AbstractChannelHandlerContext.java:337)
	at io.netty.channel.DefaultChannelPipeline$HeadContext.channelRead(DefaultChannelPipeline.java:1408)
	at io.netty.channel.AbstractChannelHandlerContext.invokeChannelRead(AbstractChannelHandlerContext.java:359)
	at io.netty.channel.AbstractChannelHandlerContext.invokeChannelRead(AbstractChannelHandlerContext.java:345)
	at io.netty.channel.DefaultChannelPipeline.fireChannelRead(DefaultChannelPipeline.java:930)
	at io.netty.channel.nio.AbstractNioByteChannel$NioByteUnsafe.read(AbstractNioByteChannel.java:163)
	at io.netty.channel.nio.NioEventLoop.processSelectedKey(NioEventLoop.java:677)
	at io.netty.channel.nio.NioEventLoop.processSelectedKeysOptimized(NioEventLoop.java:612)
	at io.netty.channel.nio.NioEventLoop.processSelectedKeys(NioEventLoop.java:529)
	at io.netty.channel.nio.NioEventLoop.run(NioEventLoop.java:491)
	at io.netty.util.concurrent.SingleThreadEventExecutor$5.run(SingleThreadEventExecutor.java:905)
	at org.apache.activemq.artemis.utils.ActiveMQThreadFactory$1.run(ActiveMQThreadFactory.java:118)
 
[2019-08-05 11:13:25,337] <UNDEFINED> {org.apache.activemq.artemis.core.client} - AMQ214031: Failed to decode buffer, disconnect immediately. 
java.lang.IllegalStateException: java.lang.ArrayIndexOutOfBoundsException: 7
	at org.apache.activemq.artemis.core.protocol.core.impl.RemotingConnectionImpl.bufferReceived(RemotingConnectionImpl.java:381)
	at org.apache.activemq.artemis.core.client.impl.ClientSessionFactoryImpl$DelegatingBufferHandler.bufferReceived(ClientSessionFactoryImpl.java:1191)
	at org.apache.activemq.artemis.core.remoting.impl.netty.ActiveMQChannelHandler.channelRead(ActiveMQChannelHandler.java:73)
	at io.netty.channel.AbstractChannelHandlerContext.invokeChannelRead(AbstractChannelHandlerContext.java:359)
	at io.netty.channel.AbstractChannelHandlerContext.invokeChannelRead(AbstractChannelHandlerContext.java:345)
	at io.netty.channel.AbstractChannelHandlerContext.fireChannelRead(AbstractChannelHandlerContext.java:337)
	at io.netty.handler.codec.ByteToMessageDecoder.fireChannelRead(ByteToMessageDecoder.java:323)
	at io.netty.handler.codec.ByteToMessageDecoder.channelRead(ByteToMessageDecoder.java:297)
	at io.netty.channel.AbstractChannelHandlerContext.invokeChannelRead(AbstractChannelHandlerContext.java:359)
	at io.netty.channel.AbstractChannelHandlerContext.invokeChannelRead(AbstractChannelHandlerContext.java:345)
	at io.netty.channel.AbstractChannelHandlerContext.fireChannelRead(AbstractChannelHandlerContext.java:337)
	at io.netty.channel.DefaultChannelPipeline$HeadContext.channelRead(DefaultChannelPipeline.java:1408)
	at io.netty.channel.AbstractChannelHandlerContext.invokeChannelRead(AbstractChannelHandlerContext.java:359)
	at io.netty.channel.AbstractChannelHandlerContext.invokeChannelRead(AbstractChannelHandlerContext.java:345)
	at io.netty.channel.DefaultChannelPipeline.fireChannelRead(DefaultChannelPipeline.java:930)
	at io.netty.channel.nio.AbstractNioByteChannel$NioByteUnsafe.read(AbstractNioByteChannel.java:163)
	at io.netty.channel.nio.NioEventLoop.processSelectedKey(NioEventLoop.java:677)
	at io.netty.channel.nio.NioEventLoop.processSelectedKeysOptimized(NioEventLoop.java:612)
	at io.netty.channel.nio.NioEventLoop.processSelectedKeys(NioEventLoop.java:529)
	at io.netty.channel.nio.NioEventLoop.run(NioEventLoop.java:491)
	at io.netty.util.concurrent.SingleThreadEventExecutor$5.run(SingleThreadEventExecutor.java:905)
	at org.apache.activemq.artemis.utils.ActiveMQThreadFactory$1.run(ActiveMQThreadFactory.java:118)
Caused by: java.lang.ArrayIndexOutOfBoundsException: 7
	at org.ballerinalang.util.program.BLangVMUtils.populateWorkerDataWithValues(BLangVMUtils.java:91)
	at org.ballerinalang.bre.BLangCallableUnitCallback.notifySuccess(BLangCallableUnitCallback.java:66)
	at org.ballerinalang.messaging.artemis.externimpl.producer.Send.lambda$execute$0(Send.java:63)
	at org.apache.activemq.artemis.core.protocol.core.impl.ActiveMQSessionContext$2.callSendAck(ActiveMQSessionContext.java:232)
	at org.apache.activemq.artemis.core.protocol.core.impl.ActiveMQSessionContext$2.handleResponse(ActiveMQSessionContext.java:220)
	at org.apache.activemq.artemis.core.protocol.core.impl.ActiveMQSessionContext$1.commandConfirmed(ActiveMQSessionContext.java:203)
	at org.apache.activemq.artemis.core.protocol.core.impl.ChannelImpl.clearUpTo(ChannelImpl.java:755)
	at org.apache.activemq.artemis.core.protocol.core.impl.ChannelImpl.handlePacket(ChannelImpl.java:693)
	at org.apache.activemq.artemis.core.protocol.core.impl.RemotingConnectionImpl.doBufferReceived(RemotingConnectionImpl.java:399)
	at org.apache.activemq.artemis.core.protocol.core.impl.RemotingConnectionImpl.bufferReceived(RemotingConnectionImpl.java:376)
	... 21 more
 
[2019-08-05 11:13:25,349] <UNDEFINED> {org.apache.activemq.artemis.core.client} - AMQ212037: Connection failure has been detected: {0} [code={1}]  
